{"level":"info","msg":"gRPC server running on port :50051","time":"17 Sep 23 14:14 UTC"}
{"level":"info","msg":"stageTime-server running at [::]:50051:50051","time":"17 Sep 23 14:14 UTC"}
{"level":"info","msg":"REQUEST: {\"repo_name\":\"stuttgart-things\",\"pushed_at\":\"1995-02-200T22:40:36Z\",\"author\":\"patrick-hermann-sva\",\"repo_url\":\"https://github.com/stuttgart-things/stuttgart-things\",\"commit_id\":\"3c5ac44c6fec00989c7e27b36630a82cdfd26e3b0\",\"pipelineruns\":[{\"name\":\"execute-ansible-smt40-rke2-15\",\"stage\":0,\"params\":\"ansibleWorkingImage=eu.gcr.io/stuttgart-things/sthings-ansible:8.3.0-8, createInventory='true', gitRepoUrl='git@github.com:stuttgart-things/stuttgart-things.git', gitRevision=main, gitWorkspaceSubdirectory=/ansible/base-os, installExtraRoles='true'\",\"listparams\":\"ansiblePlaybooks=ansible/playbooks/prepare-env.yaml;ansible/playbooks/base-os.yaml\",\"workspaces\":\"ssh-credentials=secret;codehub-ssh;secretName, shared-workspace=persistentVolumeClaim;ansible-tekton;claimName, dockerconfig=secret;scr-labda;secretName\"}]}","time":"17 Sep 23 14:16 UTC"}
{"level":"info","msg":"all pipelineRuns can be rendered","time":"17 Sep 23 14:16 UTC"}
{"level":"info","msg":"gRPC server running on port :50051","time":"17 Sep 23 14:17 UTC"}
{"level":"info","msg":"stageTime-server running at [::]:50051:50051","time":"17 Sep 23 14:17 UTC"}
{"level":"info","msg":"REQUEST: {\"repo_name\":\"stuttgart-things\",\"pushed_at\":\"1995-02-200T22:40:36Z\",\"author\":\"patrick-hermann-sva\",\"repo_url\":\"https://github.com/stuttgart-things/stuttgart-things\",\"commit_id\":\"3c5ac44c6fec00989c7e27b36630a82cdfd26e3b0\",\"pipelineruns\":[{\"name\":\"execute-ansible-smt40-rke2-15\",\"stage\":0,\"params\":\"ansibleWorkingImage=eu.gcr.io/stuttgart-things/sthings-ansible:8.3.0-8, createInventory='true', gitRepoUrl='git@github.com:stuttgart-things/stuttgart-things.git', gitRevision=main, gitWorkspaceSubdirectory=/ansible/base-os, installExtraRoles='true'\",\"listparams\":\"ansiblePlaybooks=ansible/playbooks/prepare-env.yaml;ansible/playbooks/base-os.yaml\",\"workspaces\":\"ssh-credentials=secret;codehub-ssh;secretName, shared-workspace=persistentVolumeClaim;ansible-tekton;claimName, dockerconfig=secret;scr-labda;secretName\"}]}","time":"17 Sep 23 14:17 UTC"}
{"level":"info","msg":"all pipelineRuns can be rendered","time":"17 Sep 23 14:17 UTC"}
{"level":"info","msg":"revisionRun was stored in MessageQueue","time":"17 Sep 23 14:17 UTC"}
{"level":"info","msg":"gRPC server running on port :50051","time":"17 Sep 23 14:23 UTC"}
{"level":"info","msg":"stageTime-server running at [::]:50051:50051","time":"17 Sep 23 14:23 UTC"}
{"level":"info","msg":"gRPC server running on port :50051","time":"17 Sep 23 14:23 UTC"}
{"level":"info","msg":"stageTime-server running at [::]:50051:50051","time":"17 Sep 23 14:23 UTC"}
{"level":"info","msg":"gRPC server running on port :50051","time":"17 Sep 23 14:24 UTC"}
{"level":"info","msg":"stageTime-server running at [::]:50051:50051","time":"17 Sep 23 14:24 UTC"}
{"level":"info","msg":"gRPC server running on port :50051","time":"17 Sep 23 14:26 UTC"}
{"level":"info","msg":"redis server127.0.0.1","time":"17 Sep 23 14:26 UTC"}
{"level":"info","msg":"redis port 28015","time":"17 Sep 23 14:26 UTC"}
{"level":"info","msg":"stageTime-server running at [::]:50051:50051","time":"17 Sep 23 14:26 UTC"}
{"level":"info","msg":"gRPC server running on port :50051","time":"17 Sep 23 14:26 UTC"}
{"level":"info","msg":"redis server 127.0.0.1","time":"17 Sep 23 14:26 UTC"}
{"level":"info","msg":"redis port 28015","time":"17 Sep 23 14:26 UTC"}
{"level":"info","msg":"stageTime-server running at [::]:50051:50051","time":"17 Sep 23 14:26 UTC"}
{"level":"info","msg":"gRPC server running on port :50051","time":"18 Sep 23 04:06 UTC"}
{"level":"info","msg":"redis server 127.0.0.1","time":"18 Sep 23 04:06 UTC"}
{"level":"info","msg":"redis port 28015","time":"18 Sep 23 04:06 UTC"}
{"level":"info","msg":"stageTime-server running at [::]:50051:50051","time":"18 Sep 23 04:06 UTC"}
{"level":"info","msg":"REQUEST: {\"repo_name\":\"stuttgart-things\",\"pushed_at\":\"1995-02-200T22:40:36Z\",\"author\":\"patrick-hermann-sva\",\"repo_url\":\"https://github.com/stuttgart-things/stuttgart-things\",\"commit_id\":\"3c5ac44c6fec00989c7e27b36630a82cdfd26e3b0\",\"pipelineruns\":[{\"name\":\"execute-ansible-rke2-cluster\",\"stage\":0,\"params\":\"ansibleWorkingImage=eu.gcr.io/stuttgart-things/sthings-ansible:8.3.0-8, createInventory='true', gitRepoUrl='git@github.com:stuttgart-things/stuttgart-things.git', gitRevision=main, gitWorkspaceSubdirectory=/ansible/base-os, installExtraRoles='true'\",\"listparams\":\"ansiblePlaybooks=ansible/playbooks/prepare-env.yaml;ansible/playbooks/base-os.yaml\",\"workspaces\":\"ssh-credentials=secret;codehub-ssh;secretName, shared-workspace=persistentVolumeClaim;ansible-tekton;claimName, dockerconfig=secret;scr-labda;secretName\"}]}","time":"18 Sep 23 04:07 UTC"}
{"level":"info","msg":"all pipelineRuns can be rendered","time":"18 Sep 23 04:07 UTC"}
{"level":"info","msg":"revisionRun was stored in MessageQueue","time":"18 Sep 23 04:07 UTC"}
{"level":"info","msg":"gRPC server running on port :50051","time":"18 Sep 23 04:55 UTC"}
{"level":"info","msg":"redis server 127.0.0.1","time":"18 Sep 23 04:55 UTC"}
{"level":"info","msg":"redis port 28015","time":"18 Sep 23 04:55 UTC"}
{"level":"info","msg":"stageTime-server running at [::]:50051:50051","time":"18 Sep 23 04:55 UTC"}
{"level":"info","msg":"REQUEST: {\"repo_name\":\"stuttgart-things\",\"pushed_at\":\"1995-02-200T22:40:36Z\",\"author\":\"patrick-hermann-sva\",\"repo_url\":\"https://github.com/stuttgart-things/stuttgart-things\",\"commit_id\":\"3c5ac44c6fec00989c7e27b36630a82cdfd26e3b0\",\"pipelineruns\":[{\"name\":\"execute-ansible-rke2-cluster\",\"stage\":0,\"params\":\"ansibleWorkingImage=eu.gcr.io/stuttgart-things/sthings-ansible:8.3.0-8, createInventory='true', gitRepoUrl='git@github.com:stuttgart-things/stuttgart-things.git', gitRevision=main, gitWorkspaceSubdirectory=/ansible/base-os, installExtraRoles='true'\",\"listparams\":\"ansiblePlaybooks=ansible/playbooks/prepare-env.yaml;ansible/playbooks/base-os.yaml\",\"workspaces\":\"ssh-credentials=secret;codehub-ssh;secretName, shared-workspace=persistentVolumeClaim;ansible-tekton;claimName, dockerconfig=secret;scr-labda;secretName\"}]}","time":"18 Sep 23 04:55 UTC"}
{"level":"info","msg":"all pipelineRuns can be rendered","time":"18 Sep 23 04:55 UTC"}
{"level":"info","msg":"revisionRun was stored in MessageQueue","time":"18 Sep 23 04:55 UTC"}
{"level":"info","msg":"gRPC server running on port :50051","time":"18 Sep 23 04:58 UTC"}
{"level":"info","msg":"redis server 127.0.0.1","time":"18 Sep 23 04:58 UTC"}
{"level":"info","msg":"redis port 28015","time":"18 Sep 23 04:58 UTC"}
{"level":"info","msg":"redis queue stageTime:stages","time":"18 Sep 23 04:58 UTC"}
{"level":"info","msg":"stageTime-server running at [::]:50051:50051","time":"18 Sep 23 04:58 UTC"}
{"level":"info","msg":"REQUEST: {\"repo_name\":\"stuttgart-things\",\"pushed_at\":\"1995-02-200T22:40:36Z\",\"author\":\"patrick-hermann-sva\",\"repo_url\":\"https://github.com/stuttgart-things/stuttgart-things\",\"commit_id\":\"3c5ac44c6fec00989c7e27b36630a82cdfd26e3b0\",\"pipelineruns\":[{\"name\":\"execute-ansible-rke2-cluster\",\"stage\":0,\"params\":\"ansibleWorkingImage=eu.gcr.io/stuttgart-things/sthings-ansible:8.3.0-8, createInventory='true', gitRepoUrl='git@github.com:stuttgart-things/stuttgart-things.git', gitRevision=main, gitWorkspaceSubdirectory=/ansible/base-os, installExtraRoles='true'\",\"listparams\":\"ansiblePlaybooks=ansible/playbooks/prepare-env.yaml;ansible/playbooks/base-os.yaml\",\"workspaces\":\"ssh-credentials=secret;codehub-ssh;secretName, shared-workspace=persistentVolumeClaim;ansible-tekton;claimName, dockerconfig=secret;scr-labda;secretName\"}]}","time":"18 Sep 23 04:58 UTC"}
{"level":"info","msg":"all pipelineRuns can be rendered","time":"18 Sep 23 04:58 UTC"}
{"level":"info","msg":"revisionRun was stored in MessageQueue","time":"18 Sep 23 04:58 UTC"}
{"level":"info","msg":"gRPC server running on port :50051","time":"18 Sep 23 08:04 UTC"}
{"level":"info","msg":"redis server 127.0.0.1","time":"18 Sep 23 08:04 UTC"}
{"level":"info","msg":"redis port 28015","time":"18 Sep 23 08:04 UTC"}
{"level":"info","msg":"redis queue stageTime:stages","time":"18 Sep 23 08:04 UTC"}
{"level":"info","msg":"stageTime-server running at [::]:50051:50051","time":"18 Sep 23 08:04 UTC"}
{"level":"info","msg":"REQUEST: {\"repo_name\":\"stuttgart-things\",\"pushed_at\":\"1995-02-200T22:40:36Z\",\"author\":\"patrick-hermann-sva\",\"repo_url\":\"https://github.com/stuttgart-things/stuttgart-things\",\"commit_id\":\"3c5ac44c6fec00989c7e27b36630a82cdfd26e3b0\",\"pipelineruns\":[{\"name\":\"execute-ansible-rke2-cluster\",\"stage\":0,\"params\":\"ansibleWorkingImage=eu.gcr.io/stuttgart-things/sthings-ansible:8.3.0-8, createInventory='true', gitRepoUrl='git@github.com:stuttgart-things/stuttgart-things.git', gitRevision=main, gitWorkspaceSubdirectory=/ansible/base-os, installExtraRoles='true'\",\"listparams\":\"ansiblePlaybooks=ansible/playbooks/prepare-env.yaml;ansible/playbooks/base-os.yaml\",\"workspaces\":\"ssh-credentials=secret;codehub-ssh;secretName, shared-workspace=persistentVolumeClaim;ansible-tekton;claimName, dockerconfig=secret;scr-labda;secretName\"}]}","time":"18 Sep 23 08:05 UTC"}
{"level":"info","msg":"all pipelineRuns can be rendered","time":"18 Sep 23 08:05 UTC"}
{"level":"info","msg":"revisionRun was stored in MessageQueue","time":"18 Sep 23 08:05 UTC"}
{"level":"info","msg":"gRPC server running on port :50051","time":"18 Sep 23 08:05 UTC"}
{"level":"info","msg":"redis server 127.0.0.1","time":"18 Sep 23 08:05 UTC"}
{"level":"info","msg":"redis port 28015","time":"18 Sep 23 08:05 UTC"}
{"level":"info","msg":"redis queue stageTime:stages","time":"18 Sep 23 08:05 UTC"}
{"level":"info","msg":"stageTime-server running at [::]:50051:50051","time":"18 Sep 23 08:05 UTC"}
{"level":"info","msg":"REQUEST: {\"repo_name\":\"stuttgart-things\",\"pushed_at\":\"1995-02-200T22:40:36Z\",\"author\":\"patrick-hermann-sva\",\"repo_url\":\"https://github.com/stuttgart-things/stuttgart-things\",\"commit_id\":\"3c5ac44c6fec00989c7e27b36630a82cdfd26e3b0\",\"pipelineruns\":[{\"name\":\"execute-ansible-rke2-cluster\",\"stage\":0,\"params\":\"ansibleWorkingImage=eu.gcr.io/stuttgart-things/sthings-ansible:8.3.0-8, createInventory='true', gitRepoUrl='git@github.com:stuttgart-things/stuttgart-things.git', gitRevision=main, gitWorkspaceSubdirectory=/ansible/base-os, installExtraRoles='true'\",\"listparams\":\"ansiblePlaybooks=ansible/playbooks/prepare-env.yaml;ansible/playbooks/base-os.yaml\",\"workspaces\":\"ssh-credentials=secret;codehub-ssh;secretName, shared-workspace=persistentVolumeClaim;ansible-tekton;claimName, dockerconfig=secret;scr-labda;secretName\"}]}","time":"18 Sep 23 08:05 UTC"}
{"level":"info","msg":"all pipelineRuns can be rendered","time":"18 Sep 23 08:05 UTC"}
{"level":"info","msg":"revisionRun was stored in MessageQueue","time":"18 Sep 23 08:05 UTC"}
{"level":"info","msg":"REQUEST: {\"repo_name\":\"stuttgart-things\",\"pushed_at\":\"1995-02-200T22:40:36Z\",\"author\":\"patrick\",\"repo_url\":\"https://codehub.sva.de/Lab/stuttgart-things/stuttgart-things.git\",\"commit_id\":\"3c5ac44c6fec00989c7e27b36630a82cdfd26e3b0\",\"pipelineruns\":[{\"name\":\"package-publish-helmchart\",\"stage\":0,\"params\":\"git-revision=master, git-repo-url='git@codehub.sva.de:Lab/stuttgart-things/stuttgart-things.git', gitWorkspaceSubdirectory=/helm/sthings-cluster, helm-chart-path=gitops/apps, helm-chart-name=sthings-cluster, helm-chart-tag=0.2.1, registry=scr.tiab.labda.sva.de, working-image=scr.tiab.labda.sva.de/sthings-k8s-workspace/sthings-k8s-workspace:281126-1644\",\"listparams\":\"git-revision=master;hello;whatever\",\"workspaces\":\"ssh-credentials=secret;codehub-ssh;secretName, source=persistentVolumeClaim;sthings-kaniko-workspace;claimName, dockerconfig=secret;scr-labda;secretName\"},{\"name\":\"build-kaniko-image\",\"stage\":0,\"params\":\"context=/kaniko/decksman, dockerfile=./Dockerfile, git-revision=main, gitRepoUrl='git@codehub.sva.de:Lab/stuttgart-things/dev/decksman.git', gitWorkspaceSubdirectory=/kaniko/decksman, image=scr.tiab.labda.sva.de/decksman/decksman, registry=scr.tiab.labda.sva.de, tag=0.8.66\",\"listparams\":\"git-revision=master;hello;whatever\",\"workspaces\":\"ssh-credentials=secret;codehub-ssh;secretName, shared-workspace=persistentVolumeClaim;sthings-kaniko-workspace;claimName, dockerconfig=secret;scr-labda;secretName\"},{\"name\":\"package-publish-helmchart\",\"stage\":1,\"params\":\"git-revision=master, git-repo-url='git@codehub.sva.de:Lab/stuttgart-things/stuttgart-things.git', gitWorkspaceSubdirectory=/helm/sthings-tekton, helm-chart-path=gitops/apps, helm-chart-name=sthings-tekton, helm-chart-tag=0.4.4, registry=scr.tiab.labda.sva.de, working-image=scr.tiab.labda.sva.de/sthings-k8s-workspace/sthings-k8s-workspace:281126-1644\",\"listparams\":\"git-revision=master;hello;whatever\",\"workspaces\":\"ssh-credentials=secret;codehub-ssh;secretName, source=persistentVolumeClaim;sthings-kaniko-workspace;claimName, dockerconfig=secret;scr-labda;secretName\"}]}","time":"18 Sep 23 08:07 UTC"}
{"level":"info","msg":"all pipelineRuns can be rendered","time":"18 Sep 23 08:07 UTC"}
{"level":"info","msg":"revisionRun was stored in MessageQueue","time":"18 Sep 23 08:07 UTC"}
{"level":"info","msg":"gRPC server running on port :50051","time":"18 Sep 23 08:08 UTC"}
{"level":"info","msg":"redis server 127.0.0.1","time":"18 Sep 23 08:08 UTC"}
{"level":"info","msg":"redis port 28015","time":"18 Sep 23 08:08 UTC"}
{"level":"info","msg":"redis queue stageTime:stages","time":"18 Sep 23 08:08 UTC"}
{"level":"info","msg":"stageTime-server running at [::]:50051:50051","time":"18 Sep 23 08:08 UTC"}
{"level":"info","msg":"REQUEST: {\"repo_name\":\"stuttgart-things\",\"pushed_at\":\"1995-02-200T22:40:36Z\",\"author\":\"patrick\",\"repo_url\":\"https://codehub.sva.de/Lab/stuttgart-things/stuttgart-things.git\",\"commit_id\":\"3c5ac44c6fec00989c7e27b36630a82cdfd26e3b0\",\"pipelineruns\":[{\"name\":\"package-publish-helmchart\",\"stage\":0,\"params\":\"git-revision=master, git-repo-url='git@codehub.sva.de:Lab/stuttgart-things/stuttgart-things.git', gitWorkspaceSubdirectory=/helm/sthings-cluster, helm-chart-path=gitops/apps, helm-chart-name=sthings-cluster, helm-chart-tag=0.2.1, registry=scr.tiab.labda.sva.de, working-image=scr.tiab.labda.sva.de/sthings-k8s-workspace/sthings-k8s-workspace:281126-1644\",\"listparams\":\"git-revision=master;hello;whatever\",\"workspaces\":\"ssh-credentials=secret;codehub-ssh;secretName, source=persistentVolumeClaim;sthings-kaniko-workspace;claimName, dockerconfig=secret;scr-labda;secretName\"},{\"name\":\"build-kaniko-image\",\"stage\":0,\"params\":\"context=/kaniko/decksman, dockerfile=./Dockerfile, git-revision=main, gitRepoUrl='git@codehub.sva.de:Lab/stuttgart-things/dev/decksman.git', gitWorkspaceSubdirectory=/kaniko/decksman, image=scr.tiab.labda.sva.de/decksman/decksman, registry=scr.tiab.labda.sva.de, tag=0.8.66\",\"listparams\":\"git-revision=master;hello;whatever\",\"workspaces\":\"ssh-credentials=secret;codehub-ssh;secretName, shared-workspace=persistentVolumeClaim;sthings-kaniko-workspace;claimName, dockerconfig=secret;scr-labda;secretName\"},{\"name\":\"package-publish-helmchart\",\"stage\":1,\"params\":\"git-revision=master, git-repo-url='git@codehub.sva.de:Lab/stuttgart-things/stuttgart-things.git', gitWorkspaceSubdirectory=/helm/sthings-tekton, helm-chart-path=gitops/apps, helm-chart-name=sthings-tekton, helm-chart-tag=0.4.4, registry=scr.tiab.labda.sva.de, working-image=scr.tiab.labda.sva.de/sthings-k8s-workspace/sthings-k8s-workspace:281126-1644\",\"listparams\":\"git-revision=master;hello;whatever\",\"workspaces\":\"ssh-credentials=secret;codehub-ssh;secretName, source=persistentVolumeClaim;sthings-kaniko-workspace;claimName, dockerconfig=secret;scr-labda;secretName\"}]}","time":"18 Sep 23 08:08 UTC"}
{"level":"info","msg":"all pipelineRuns can be rendered","time":"18 Sep 23 08:08 UTC"}
{"level":"info","msg":"revisionRun was stored in MessageQueue","time":"18 Sep 23 08:08 UTC"}
{"level":"info","msg":"gRPC server running on port :50051","time":"18 Sep 23 17:08 UTC"}
{"level":"info","msg":"redis server redis-pve.labul.sva.de","time":"18 Sep 23 17:08 UTC"}
{"level":"info","msg":"redis port 6379","time":"18 Sep 23 17:08 UTC"}
{"level":"info","msg":"redis queue ","time":"18 Sep 23 17:08 UTC"}
{"level":"info","msg":"stageTime-server running at [::]:50051:50051","time":"18 Sep 23 17:08 UTC"}
{"level":"info","msg":"gRPC server running on port :50051","time":"18 Sep 23 17:09 UTC"}
{"level":"info","msg":"redis server 127.0.0.1","time":"18 Sep 23 17:09 UTC"}
{"level":"info","msg":"redis port 28015","time":"18 Sep 23 17:09 UTC"}
{"level":"info","msg":"redis queue stageTime:stages","time":"18 Sep 23 17:09 UTC"}
{"level":"info","msg":"stageTime-server running at [::]:50051:50051","time":"18 Sep 23 17:09 UTC"}
{"level":"info","msg":"REQUEST: {\"repo_name\":\"stuttgart-things\",\"pushed_at\":\"1995-02-200T22:40:36Z\",\"author\":\"patrick\",\"repo_url\":\"https://codehub.sva.de/Lab/stuttgart-things/stuttgart-things.git\",\"commit_id\":\"3c5ac44c6fec00989c7e27b36630a82cdfd26e3b0\",\"pipelineruns\":[{\"name\":\"package-publish-helmchart\",\"stage\":0,\"params\":\"git-revision=master, git-repo-url='git@codehub.sva.de:Lab/stuttgart-things/stuttgart-things.git', gitWorkspaceSubdirectory=/helm/sthings-cluster, helm-chart-path=gitops/apps, helm-chart-name=sthings-cluster, helm-chart-tag=0.2.1, registry=scr.tiab.labda.sva.de, working-image=scr.tiab.labda.sva.de/sthings-k8s-workspace/sthings-k8s-workspace:281126-1644\",\"listparams\":\"git-revision=master;hello;whatever\",\"workspaces\":\"ssh-credentials=secret;codehub-ssh;secretName, source=persistentVolumeClaim;sthings-kaniko-workspace;claimName, dockerconfig=secret;scr-labda;secretName\"},{\"name\":\"build-kaniko-image\",\"stage\":0,\"params\":\"context=/kaniko/decksman, dockerfile=./Dockerfile, git-revision=main, gitRepoUrl='git@codehub.sva.de:Lab/stuttgart-things/dev/decksman.git', gitWorkspaceSubdirectory=/kaniko/decksman, image=scr.tiab.labda.sva.de/decksman/decksman, registry=scr.tiab.labda.sva.de, tag=0.8.66\",\"listparams\":\"git-revision=master;hello;whatever\",\"workspaces\":\"ssh-credentials=secret;codehub-ssh;secretName, shared-workspace=persistentVolumeClaim;sthings-kaniko-workspace;claimName, dockerconfig=secret;scr-labda;secretName\"},{\"name\":\"package-publish-helmchart\",\"stage\":1,\"params\":\"git-revision=master, git-repo-url='git@codehub.sva.de:Lab/stuttgart-things/stuttgart-things.git', gitWorkspaceSubdirectory=/helm/sthings-tekton, helm-chart-path=gitops/apps, helm-chart-name=sthings-tekton, helm-chart-tag=0.4.4, registry=scr.tiab.labda.sva.de, working-image=scr.tiab.labda.sva.de/sthings-k8s-workspace/sthings-k8s-workspace:281126-1644\",\"listparams\":\"git-revision=master;hello;whatever\",\"workspaces\":\"ssh-credentials=secret;codehub-ssh;secretName, source=persistentVolumeClaim;sthings-kaniko-workspace;claimName, dockerconfig=secret;scr-labda;secretName\"}]}","time":"18 Sep 23 17:09 UTC"}
{"level":"info","msg":"all pipelineRuns can be rendered","time":"18 Sep 23 17:09 UTC"}
{"level":"info","msg":"revisionRun was stored in MessageQueue","time":"18 Sep 23 17:09 UTC"}
{"level":"info","msg":"gRPC server running on port :50051","time":"18 Sep 23 17:11 UTC"}
{"level":"info","msg":"redis server 127.0.0.1","time":"18 Sep 23 17:11 UTC"}
{"level":"info","msg":"redis port 28015","time":"18 Sep 23 17:11 UTC"}
{"level":"info","msg":"redis queue stageTime:stages","time":"18 Sep 23 17:11 UTC"}
{"level":"info","msg":"stageTime-server running at [::]:50051:50051","time":"18 Sep 23 17:11 UTC"}
{"level":"info","msg":"REQUEST: {\"repo_name\":\"stuttgart-things\",\"pushed_at\":\"1995-02-200T22:40:36Z\",\"author\":\"patrick\",\"repo_url\":\"https://codehub.sva.de/Lab/stuttgart-things/stuttgart-things.git\",\"commit_id\":\"3c5ac44c6fec00989c7e27b36630a82cdfd26e3b0\",\"pipelineruns\":[{\"name\":\"package-publish-helmchart\",\"stage\":0,\"params\":\"git-revision=master, git-repo-url='git@codehub.sva.de:Lab/stuttgart-things/stuttgart-things.git', gitWorkspaceSubdirectory=/helm/sthings-cluster, helm-chart-path=gitops/apps, helm-chart-name=sthings-cluster, helm-chart-tag=0.2.1, registry=scr.tiab.labda.sva.de, working-image=scr.tiab.labda.sva.de/sthings-k8s-workspace/sthings-k8s-workspace:281126-1644\",\"listparams\":\"git-revision=master;hello;whatever\",\"workspaces\":\"ssh-credentials=secret;codehub-ssh;secretName, source=persistentVolumeClaim;sthings-kaniko-workspace;claimName, dockerconfig=secret;scr-labda;secretName\"},{\"name\":\"build-kaniko-image\",\"stage\":0,\"params\":\"context=/kaniko/decksman, dockerfile=./Dockerfile, git-revision=main, gitRepoUrl='git@codehub.sva.de:Lab/stuttgart-things/dev/decksman.git', gitWorkspaceSubdirectory=/kaniko/decksman, image=scr.tiab.labda.sva.de/decksman/decksman, registry=scr.tiab.labda.sva.de, tag=0.8.66\",\"listparams\":\"git-revision=master;hello;whatever\",\"workspaces\":\"ssh-credentials=secret;codehub-ssh;secretName, shared-workspace=persistentVolumeClaim;sthings-kaniko-workspace;claimName, dockerconfig=secret;scr-labda;secretName\"},{\"name\":\"package-publish-helmchart\",\"stage\":1,\"params\":\"git-revision=master, git-repo-url='git@codehub.sva.de:Lab/stuttgart-things/stuttgart-things.git', gitWorkspaceSubdirectory=/helm/sthings-tekton, helm-chart-path=gitops/apps, helm-chart-name=sthings-tekton, helm-chart-tag=0.4.4, registry=scr.tiab.labda.sva.de, working-image=scr.tiab.labda.sva.de/sthings-k8s-workspace/sthings-k8s-workspace:281126-1644\",\"listparams\":\"git-revision=master;hello;whatever\",\"workspaces\":\"ssh-credentials=secret;codehub-ssh;secretName, source=persistentVolumeClaim;sthings-kaniko-workspace;claimName, dockerconfig=secret;scr-labda;secretName\"}]}","time":"18 Sep 23 17:11 UTC"}
{"level":"info","msg":"all pipelineRuns can be rendered","time":"18 Sep 23 17:11 UTC"}
{"level":"info","msg":"revisionRun was stored in MessageQueue","time":"18 Sep 23 17:11 UTC"}
{"level":"info","msg":"gRPC server running on port :50051","time":"18 Sep 23 18:29 UTC"}
{"level":"info","msg":"redis server 127.0.0.1","time":"18 Sep 23 18:29 UTC"}
{"level":"info","msg":"redis port 28015","time":"18 Sep 23 18:29 UTC"}
{"level":"info","msg":"redis queue stageTime:stages","time":"18 Sep 23 18:29 UTC"}
{"level":"info","msg":"stageTime-server running at [::]:50051:50051","time":"18 Sep 23 18:29 UTC"}
{"level":"info","msg":"REQUEST: {\"repo_name\":\"stuttgart-things\",\"pushed_at\":\"1995-02-200T22:40:36Z\",\"author\":\"patrick\",\"repo_url\":\"https://codehub.sva.de/Lab/stuttgart-things/stuttgart-things.git\",\"commit_id\":\"3c5ac44c6fec00989c7e27b36630a82cdfd26e3b0\",\"pipelineruns\":[{\"name\":\"package-publish-helmchart\",\"stage\":0,\"params\":\"git-revision=master, git-repo-url='git@codehub.sva.de:Lab/stuttgart-things/stuttgart-things.git', gitWorkspaceSubdirectory=/helm/sthings-cluster, helm-chart-path=gitops/apps, helm-chart-name=sthings-cluster, helm-chart-tag=0.2.1, registry=scr.tiab.labda.sva.de, working-image=scr.tiab.labda.sva.de/sthings-k8s-workspace/sthings-k8s-workspace:281126-1644\",\"listparams\":\"git-revision=master;hello;whatever\",\"workspaces\":\"ssh-credentials=secret;codehub-ssh;secretName, source=persistentVolumeClaim;sthings-kaniko-workspace;claimName, dockerconfig=secret;scr-labda;secretName\"},{\"name\":\"build-kaniko-image\",\"stage\":0,\"params\":\"context=/kaniko/decksman, dockerfile=./Dockerfile, git-revision=main, gitRepoUrl='git@codehub.sva.de:Lab/stuttgart-things/dev/decksman.git', gitWorkspaceSubdirectory=/kaniko/decksman, image=scr.tiab.labda.sva.de/decksman/decksman, registry=scr.tiab.labda.sva.de, tag=0.8.66\",\"listparams\":\"git-revision=master;hello;whatever\",\"workspaces\":\"ssh-credentials=secret;codehub-ssh;secretName, shared-workspace=persistentVolumeClaim;sthings-kaniko-workspace;claimName, dockerconfig=secret;scr-labda;secretName\"},{\"name\":\"package-publish-helmchart\",\"stage\":1,\"params\":\"git-revision=master, git-repo-url='git@codehub.sva.de:Lab/stuttgart-things/stuttgart-things.git', gitWorkspaceSubdirectory=/helm/sthings-tekton, helm-chart-path=gitops/apps, helm-chart-name=sthings-tekton, helm-chart-tag=0.4.4, registry=scr.tiab.labda.sva.de, working-image=scr.tiab.labda.sva.de/sthings-k8s-workspace/sthings-k8s-workspace:281126-1644\",\"listparams\":\"git-revision=master;hello;whatever\",\"workspaces\":\"ssh-credentials=secret;codehub-ssh;secretName, source=persistentVolumeClaim;sthings-kaniko-workspace;claimName, dockerconfig=secret;scr-labda;secretName\"}]}","time":"18 Sep 23 18:29 UTC"}
{"level":"info","msg":"ALL PIPELINERUNS CAN BE RENDERED","time":"18 Sep 23 18:29 UTC"}
{"level":"info","msg":"revisionRun was stored in MessageQueue","time":"18 Sep 23 18:29 UTC"}
{"level":"info","msg":"gRPC server running on port :50051","time":"18 Sep 23 18:41 UTC"}
{"level":"info","msg":"redis server 127.0.0.1","time":"18 Sep 23 18:41 UTC"}
{"level":"info","msg":"redis port 28015","time":"18 Sep 23 18:41 UTC"}
{"level":"info","msg":"redis queue stageTime:stages","time":"18 Sep 23 18:41 UTC"}
{"level":"info","msg":"stageTime-server running at [::]:50051:50051","time":"18 Sep 23 18:41 UTC"}
