{"level":"info","msg":"gRPC server running on port :50051","time":"05 Apr 23 19:16 UTC"}
{"level":"info","msg":"YAS running at [::]:50051:50051","time":"05 Apr 23 19:16 UTC"}
{"level":"info","msg":"gRPC server running on port :50051","time":"18 Apr 23 19:42 UTC"}
{"level":"info","msg":"YAS running at [::]:50051:50051","time":"18 Apr 23 19:42 UTC"}
{"level":"info","msg":"gRPC server running on port :50051","time":"18 Aug 23 09:12 UTC"}
{"level":"info","msg":"YAS running at [::]:50051:50051","time":"18 Aug 23 09:12 UTC"}
{"level":"info","msg":"gRPC server running on port :50051","time":"18 Aug 23 09:47 UTC"}
{"level":"info","msg":"YAS running at [::]:50051:50051","time":"18 Aug 23 09:47 UTC"}
{"level":"info","msg":"gRPC server running on port :50051","time":"18 Aug 23 09:50 UTC"}
{"level":"info","msg":"YAS running at [::]:50051:50051","time":"18 Aug 23 09:50 UTC"}
{"level":"info","msg":"gRPC server running on port :50051","time":"18 Aug 23 09:51 UTC"}
{"level":"info","msg":"stageTime-server running at [::]:50051:50051","time":"18 Aug 23 09:51 UTC"}
{"level":"info","msg":"gRPC server running on port :50051","time":"18 Aug 23 10:00 UTC"}
{"level":"info","msg":"stageTime-server running at [::]:50051:50051","time":"18 Aug 23 10:00 UTC"}
{"level":"info","msg":"gRPC server running on port :50051","time":"18 Aug 23 10:01 UTC"}
{"level":"info","msg":"stageTime-server running at [::]:50051:50051","time":"18 Aug 23 10:01 UTC"}
{"level":"info","msg":"gRPC server running on port :50051","time":"18 Aug 23 10:03 UTC"}
{"level":"info","msg":"stageTime-server running at [::]:50051:50051","time":"18 Aug 23 10:03 UTC"}
{"level":"info","msg":"gRPC server running on port :50051","time":"18 Aug 23 14:28 UTC"}
{"level":"info","msg":"stageTime-server running at [::]:50051:50051","time":"18 Aug 23 14:28 UTC"}
{"level":"info","msg":"gRPC server running on port :50051","time":"27 Aug 23 15:19 UTC"}
{"level":"info","msg":"stageTime-server running at [::]:50051:50051","time":"27 Aug 23 15:19 UTC"}
{"level":"info","msg":"gRPC server running on port :50051","time":"28 Aug 23 18:54 UTC"}
{"level":"info","msg":"stageTime-server running at [::]:50051:50051","time":"28 Aug 23 18:54 UTC"}
{"level":"info","msg":"gRPC server running on port :50051","time":"01 Sep 23 06:39 UTC"}
{"level":"info","msg":"stageTime-server running at [::]:50051:50051","time":"01 Sep 23 06:39 UTC"}
{"level":"info","msg":"gRPC server running on port :50051","time":"01 Sep 23 06:40 UTC"}
{"level":"info","msg":"stageTime-server running at [::]:50051:50051","time":"01 Sep 23 06:40 UTC"}
{"level":"info","msg":"gRPC server running on port :50051","time":"01 Sep 23 06:41 UTC"}
{"level":"info","msg":"stageTime-server running at [::]:50051:50051","time":"01 Sep 23 06:41 UTC"}
{"level":"info","msg":"gRPC server running on port :50051","time":"01 Sep 23 06:41 UTC"}
{"level":"info","msg":"stageTime-server running at [::]:50051:50051","time":"01 Sep 23 06:41 UTC"}
{"level":"info","msg":"gRPC server running on port :50051","time":"01 Sep 23 06:43 UTC"}
{"level":"info","msg":"stageTime-server running at [::]:50051:50051","time":"01 Sep 23 06:43 UTC"}
{"level":"info","msg":"gRPC server running on port :50051","time":"01 Sep 23 06:45 UTC"}
{"level":"info","msg":"stageTime-server running at [::]:50051:50051","time":"01 Sep 23 06:45 UTC"}
{"level":"info","msg":"gRPC server running on port :50051","time":"01 Sep 23 06:47 UTC"}
{"level":"info","msg":"stageTime-server running at [::]:50051:50051","time":"01 Sep 23 06:47 UTC"}
{"level":"info","msg":"gRPC server running on port :50051","time":"01 Sep 23 06:47 UTC"}
{"level":"info","msg":"stageTime-server running at [::]:50051:50051","time":"01 Sep 23 06:47 UTC"}
{"level":"info","msg":"gRPC server running on port :50051","time":"01 Sep 23 06:51 UTC"}
{"level":"info","msg":"stageTime-server running at [::]:50051:50051","time":"01 Sep 23 06:51 UTC"}
{"level":"info","msg":"gRPC server running on port :50051","time":"01 Sep 23 06:52 UTC"}
{"level":"info","msg":"stageTime-server running at [::]:50051:50051","time":"01 Sep 23 06:52 UTC"}
{"level":"info","msg":"gRPC server running on port :50051","time":"01 Sep 23 06:52 UTC"}
{"level":"info","msg":"stageTime-server running at [::]:50051:50051","time":"01 Sep 23 06:52 UTC"}
{"level":"info","msg":"gRPC server running on port :50051","time":"01 Sep 23 06:53 UTC"}
{"level":"info","msg":"stageTime-server running at [::]:50051:50051","time":"01 Sep 23 06:53 UTC"}
